1579592818301	mozrunner::runner	INFO	Running command: "/usr/bin/firefox" "-marionette" "--ignore-certificate-errors" "-headless" "-foreground" "-no-remote" "-profile" "/tmp/rust_mozprofile0LA9Za"
*** You are running in headless mode.
1579592819449	addons.webextension.screenshots@mozilla.org	WARN	Loading extension 'screenshots@mozilla.org': Reading manifest: Invalid extension permission: mozillaAddons
1579592819450	addons.webextension.screenshots@mozilla.org	WARN	Loading extension 'screenshots@mozilla.org': Reading manifest: Invalid extension permission: resource://pdf.js/
1579592819450	addons.webextension.screenshots@mozilla.org	WARN	Loading extension 'screenshots@mozilla.org': Reading manifest: Invalid extension permission: about:reader*
1579592823087	Marionette	INFO	Listening on port 60110
1579592823133	Marionette	WARN	TLS certificate errors will be ignored for this session
console.error: BroadcastService: 
  receivedBroadcastMessage: handler for
  remote-settings/monitor_changes
  threw error:
  Message: Error: Polling for changes failed: NetworkError when attempting to fetch resource..
  Stack:
    remoteSettingsFunction/remoteSettings.pollChanges@resource://services-settings/remote-settings.js:190:13

1579592843492	mozrunner::runner	INFO	Running command: "/usr/bin/firefox" "-marionette" "--ignore-certificate-errors" "-headless" "-foreground" "-no-remote" "-profile" "/tmp/rust_mozprofileOProK8"
*** You are running in headless mode.
1579592844165	addons.webextension.screenshots@mozilla.org	WARN	Loading extension 'screenshots@mozilla.org': Reading manifest: Invalid extension permission: mozillaAddons
1579592844166	addons.webextension.screenshots@mozilla.org	WARN	Loading extension 'screenshots@mozilla.org': Reading manifest: Invalid extension permission: resource://pdf.js/
1579592844166	addons.webextension.screenshots@mozilla.org	WARN	Loading extension 'screenshots@mozilla.org': Reading manifest: Invalid extension permission: about:reader*
Exiting due to channel error.
Exiting due to channel error.
Exiting due to channel error.
Exiting due to channel error.
Exiting due to channel error.
1579592874792	mozrunner::runner	INFO	Running command: "/usr/bin/firefox" "-marionette" "--ignore-certificate-errors" "-headless" "-foreground" "-no-remote" "-profile" "/tmp/rust_mozprofile633XlK"
*** You are running in headless mode.
1579592875582	addons.webextension.screenshots@mozilla.org	WARN	Loading extension 'screenshots@mozilla.org': Reading manifest: Invalid extension permission: mozillaAddons
1579592875583	addons.webextension.screenshots@mozilla.org	WARN	Loading extension 'screenshots@mozilla.org': Reading manifest: Invalid extension permission: resource://pdf.js/
1579592875584	addons.webextension.screenshots@mozilla.org	WARN	Loading extension 'screenshots@mozilla.org': Reading manifest: Invalid extension permission: about:reader*
1579592878260	Marionette	INFO	Listening on port 50450
1579592878349	Marionette	WARN	TLS certificate errors will be ignored for this session
console.error: BroadcastService: 
  receivedBroadcastMessage: handler for
  remote-settings/monitor_changes
  threw error:
  Message: Error: Polling for changes failed: NetworkError when attempting to fetch resource..
  Stack:
    remoteSettingsFunction/remoteSettings.pollChanges@resource://services-settings/remote-settings.js:190:13

Exiting due to channel error.
[GFX1-]: Receive IPC close with reason=AbnormalShutdown
[GFX1-]: Receive IPC close with reason=AbnormalShutdown
Sandbox: Unexpected EOF, op 0 flags 00 path /usr/share/locale/en_US.UTF-8/LC_MESSAGES/libc.mo
[Child 9925, Chrome_ChildThread] WARNING: pipe error (3): Connection reset by peer: file /build/firefox-sc3iFa/firefox-66.0.3+build1/ipc/chromium/src/chrome/common/ipc_channel_posix.cc, line 357
Sandbox: Unexpected EOF, op 0 flags 00 path /usr/share/locale/en_US.UTF-8/LC_MESSAGES/libc.mo
[Child 9945, Chrome_ChildThread] WARNING: pipe error (3): Connection reset by peer: file /build/firefox-sc3iFa/firefox-66.0.3+build1/ipc/chromium/src/chrome/common/ipc_channel_posix.cc, line 357
Exiting due to channel error.
Exiting due to channel error.
1579593002726	mozrunner::runner	INFO	Running command: "/usr/bin/firefox" "-marionette" "--ignore-certificate-errors" "-headless" "-foreground" "-no-remote" "-profile" "/tmp/rust_mozprofile5pCHUb"
*** You are running in headless mode.
1579593003374	addons.webextension.screenshots@mozilla.org	WARN	Loading extension 'screenshots@mozilla.org': Reading manifest: Invalid extension permission: mozillaAddons
1579593003375	addons.webextension.screenshots@mozilla.org	WARN	Loading extension 'screenshots@mozilla.org': Reading manifest: Invalid extension permission: resource://pdf.js/
1579593003375	addons.webextension.screenshots@mozilla.org	WARN	Loading extension 'screenshots@mozilla.org': Reading manifest: Invalid extension permission: about:reader*
1579593006347	Marionette	INFO	Listening on port 36657
1579593006415	Marionette	WARN	TLS certificate errors will be ignored for this session
console.error: BroadcastService: 
  receivedBroadcastMessage: handler for
  remote-settings/monitor_changes
  threw error:
  Message: Error: Polling for changes failed: NetworkError when attempting to fetch resource..
  Stack:
    remoteSettingsFunction/remoteSettings.pollChanges@resource://services-settings/remote-settings.js:190:13

[GFX1-]: Receive IPC close with reason=AbnormalShutdown
[Child 10138, Chrome_ChildThread] WARNING: pipe error (3): Connection reset by peer: file /build/firefox-sc3iFa/firefox-66.0.3+build1/ipc/chromium/src/chrome/common/ipc_channel_posix.cc, line 357
Exiting due to channel error.
[GFX1-]: Receive IPC close with reason=AbnormalShutdown
[Child 10097, Chrome_ChildThread] WARNING: pipe error (3): Connection reset by peer: file /build/firefox-sc3iFa/firefox-66.0.3+build1/ipc/chromium/src/chrome/common/ipc_channel_posix.cc, line 357
Exiting due to channel error.
[GFX1-]: Receive IPC close with reason=AbnormalShutdown
Sandbox: Unexpected EOF, op 0 flags 00 path /usr/share/locale/en_US.UTF-8/LC_MESSAGES/libc.mo
[Child 10077, Chrome_ChildThread] WARNING: pipe error (3): Connection reset by peer: file /build/firefox-sc3iFa/firefox-66.0.3+build1/ipc/chromium/src/chrome/common/ipc_channel_posix.cc, line 357
Exiting due to channel error.
1579593251934	mozrunner::runner	INFO	Running command: "/usr/bin/firefox" "-marionette" "--ignore-certificate-errors" "-headless" "-foreground" "-no-remote" "-profile" "/tmp/rust_mozprofile2FUUVj"
*** You are running in headless mode.
1579593252649	addons.webextension.screenshots@mozilla.org	WARN	Loading extension 'screenshots@mozilla.org': Reading manifest: Invalid extension permission: mozillaAddons
1579593252650	addons.webextension.screenshots@mozilla.org	WARN	Loading extension 'screenshots@mozilla.org': Reading manifest: Invalid extension permission: resource://pdf.js/
1579593252650	addons.webextension.screenshots@mozilla.org	WARN	Loading extension 'screenshots@mozilla.org': Reading manifest: Invalid extension permission: about:reader*
1579593255251	Marionette	INFO	Listening on port 48705
1579593255317	Marionette	WARN	TLS certificate errors will be ignored for this session
console.error: BroadcastService: 
  receivedBroadcastMessage: handler for
  remote-settings/monitor_changes
  threw error:
  Message: Error: Polling for changes failed: NetworkError when attempting to fetch resource..
  Stack:
    remoteSettingsFunction/remoteSettings.pollChanges@resource://services-settings/remote-settings.js:190:13

Exiting due to channel error.
[GFX1-]: Receive IPC close with reason=AbnormalShutdown
[Child 10269, Chrome_ChildThread] WARNING: pipe error (3): Connection reset by peer: file /build/firefox-sc3iFa/firefox-66.0.3+build1/ipc/chromium/src/chrome/common/ipc_channel_posix.cc, line 357
Exiting due to channel error.
[GFX1-]: Receive IPC close with reason=AbnormalShutdown
Sandbox: Unexpected EOF, op 0 flags 00 path /usr/share/locale/en_US.UTF-8/LC_MESSAGES/libc.mo
[Child 10249, Chrome_ChildThread] WARNING: pipe error (3): Connection reset by peer: file /build/firefox-sc3iFa/firefox-66.0.3+build1/ipc/chromium/src/chrome/common/ipc_channel_posix.cc, line 357
Exiting due to channel error.
1579593338557	mozrunner::runner	INFO	Running command: "/usr/bin/firefox" "-marionette" "--ignore-certificate-errors" "-headless" "-foreground" "-no-remote" "-profile" "/tmp/rust_mozprofilerSenV4"
*** You are running in headless mode.
1579593339247	addons.webextension.screenshots@mozilla.org	WARN	Loading extension 'screenshots@mozilla.org': Reading manifest: Invalid extension permission: mozillaAddons
1579593339248	addons.webextension.screenshots@mozilla.org	WARN	Loading extension 'screenshots@mozilla.org': Reading manifest: Invalid extension permission: resource://pdf.js/
1579593339248	addons.webextension.screenshots@mozilla.org	WARN	Loading extension 'screenshots@mozilla.org': Reading manifest: Invalid extension permission: about:reader*
1579593341675	Marionette	INFO	Listening on port 41381
1579593341725	Marionette	WARN	TLS certificate errors will be ignored for this session
console.error: BroadcastService: 
  receivedBroadcastMessage: handler for
  remote-settings/monitor_changes
  threw error:
  Message: Error: Polling for changes failed: NetworkError when attempting to fetch resource..
  Stack:
    remoteSettingsFunction/remoteSettings.pollChanges@resource://services-settings/remote-settings.js:190:13

Exiting due to channel error.
Exiting due to channel error.
Exiting due to channel error.
1579593476166	mozrunner::runner	INFO	Running command: "/usr/bin/firefox" "-marionette" "--ignore-certificate-errors" "-headless" "-foreground" "-no-remote" "-profile" "/tmp/rust_mozprofileCnQq2E"
*** You are running in headless mode.
1579593476892	addons.webextension.screenshots@mozilla.org	WARN	Loading extension 'screenshots@mozilla.org': Reading manifest: Invalid extension permission: mozillaAddons
1579593476892	addons.webextension.screenshots@mozilla.org	WARN	Loading extension 'screenshots@mozilla.org': Reading manifest: Invalid extension permission: resource://pdf.js/
1579593476893	addons.webextension.screenshots@mozilla.org	WARN	Loading extension 'screenshots@mozilla.org': Reading manifest: Invalid extension permission: about:reader*
1579593479959	Marionette	INFO	Listening on port 35485
1579593480009	Marionette	WARN	TLS certificate errors will be ignored for this session
console.error: BroadcastService: 
  receivedBroadcastMessage: handler for
  remote-settings/monitor_changes
  threw error:
  Message: Error: Polling for changes failed: NetworkError when attempting to fetch resource..
  Stack:
    remoteSettingsFunction/remoteSettings.pollChanges@resource://services-settings/remote-settings.js:190:13

1579593614387	Marionette	INFO	Stopped listening on port 35485

###!!! [Child][RunMessage] Error: Channel closing: too late to send/recv, messages will be lost

1579593615879	mozrunner::runner	INFO	Running command: "/usr/bin/firefox" "-marionette" "--ignore-certificate-errors" "-headless" "-foreground" "-no-remote" "-profile" "/tmp/rust_mozprofileLQGmY3"
*** You are running in headless mode.
1579593616611	addons.webextension.screenshots@mozilla.org	WARN	Loading extension 'screenshots@mozilla.org': Reading manifest: Invalid extension permission: mozillaAddons
1579593616612	addons.webextension.screenshots@mozilla.org	WARN	Loading extension 'screenshots@mozilla.org': Reading manifest: Invalid extension permission: resource://pdf.js/
1579593616612	addons.webextension.screenshots@mozilla.org	WARN	Loading extension 'screenshots@mozilla.org': Reading manifest: Invalid extension permission: about:reader*
1579593619069	Marionette	INFO	Listening on port 34762
1579593619133	Marionette	WARN	TLS certificate errors will be ignored for this session
console.error: BroadcastService: 
  receivedBroadcastMessage: handler for
  remote-settings/monitor_changes
  threw error:
  Message: Error: Polling for changes failed: NetworkError when attempting to fetch resource..
  Stack:
    remoteSettingsFunction/remoteSettings.pollChanges@resource://services-settings/remote-settings.js:190:13

1579593755517	Marionette	INFO	Stopped listening on port 34762
1579593757028	mozrunner::runner	INFO	Running command: "/usr/bin/firefox" "-marionette" "--ignore-certificate-errors" "-headless" "-foreground" "-no-remote" "-profile" "/tmp/rust_mozprofileZfAqzD"
*** You are running in headless mode.
1579593757759	addons.webextension.screenshots@mozilla.org	WARN	Loading extension 'screenshots@mozilla.org': Reading manifest: Invalid extension permission: mozillaAddons
1579593757760	addons.webextension.screenshots@mozilla.org	WARN	Loading extension 'screenshots@mozilla.org': Reading manifest: Invalid extension permission: resource://pdf.js/
1579593757760	addons.webextension.screenshots@mozilla.org	WARN	Loading extension 'screenshots@mozilla.org': Reading manifest: Invalid extension permission: about:reader*
1579593760357	Marionette	INFO	Listening on port 56649
1579593760458	Marionette	WARN	TLS certificate errors will be ignored for this session
console.error: BroadcastService: 
  receivedBroadcastMessage: handler for
  remote-settings/monitor_changes
  threw error:
  Message: Error: Polling for changes failed: NetworkError when attempting to fetch resource..
  Stack:
    remoteSettingsFunction/remoteSettings.pollChanges@resource://services-settings/remote-settings.js:190:13

Exiting due to channel error.
Exiting due to channel error.
Exiting due to channel error.
1579593823984	mozrunner::runner	INFO	Running command: "/usr/bin/firefox" "-marionette" "--ignore-certificate-errors" "-headless" "-foreground" "-no-remote" "-profile" "/tmp/rust_mozprofilefe4q3r"
*** You are running in headless mode.
1579593824681	addons.webextension.screenshots@mozilla.org	WARN	Loading extension 'screenshots@mozilla.org': Reading manifest: Invalid extension permission: mozillaAddons
1579593824682	addons.webextension.screenshots@mozilla.org	WARN	Loading extension 'screenshots@mozilla.org': Reading manifest: Invalid extension permission: resource://pdf.js/
1579593824682	addons.webextension.screenshots@mozilla.org	WARN	Loading extension 'screenshots@mozilla.org': Reading manifest: Invalid extension permission: about:reader*
1579593827132	Marionette	INFO	Listening on port 53523
1579593827213	Marionette	WARN	TLS certificate errors will be ignored for this session
console.error: BroadcastService: 
  receivedBroadcastMessage: handler for
  remote-settings/monitor_changes
  threw error:
  Message: Error: Polling for changes failed: NetworkError when attempting to fetch resource..
  Stack:
    remoteSettingsFunction/remoteSettings.pollChanges@resource://services-settings/remote-settings.js:190:13

1579593964187	Marionette	INFO	Stopped listening on port 53523
1579593965751	mozrunner::runner	INFO	Running command: "/usr/bin/firefox" "-marionette" "--ignore-certificate-errors" "-headless" "-foreground" "-no-remote" "-profile" "/tmp/rust_mozprofile3tbvGc"
*** You are running in headless mode.
1579593966530	addons.webextension.screenshots@mozilla.org	WARN	Loading extension 'screenshots@mozilla.org': Reading manifest: Invalid extension permission: mozillaAddons
1579593966531	addons.webextension.screenshots@mozilla.org	WARN	Loading extension 'screenshots@mozilla.org': Reading manifest: Invalid extension permission: resource://pdf.js/
1579593966531	addons.webextension.screenshots@mozilla.org	WARN	Loading extension 'screenshots@mozilla.org': Reading manifest: Invalid extension permission: about:reader*
1579593969244	Marionette	INFO	Listening on port 57513
1579593969277	Marionette	WARN	TLS certificate errors will be ignored for this session
console.error: BroadcastService: 
  receivedBroadcastMessage: handler for
  remote-settings/monitor_changes
  threw error:
  Message: Error: Polling for changes failed: NetworkError when attempting to fetch resource..
  Stack:
    remoteSettingsFunction/remoteSettings.pollChanges@resource://services-settings/remote-settings.js:190:13

[GFX1-]: Receive IPC close with reason=AbnormalShutdown
[GFX1-]: Receive IPC close with reason=AbnormalShutdown
[Child 11415, Chrome_ChildThread] WARNING: pipe error (3): Connection reset by peer: file /build/firefox-sc3iFa/firefox-66.0.3+build1/ipc/chromium/src/chrome/common/ipc_channel_posix.cc, line 357
Exiting due to channel error.
[GFX1-]: Receive IPC close with reason=AbnormalShutdown
Sandbox: Unexpected EOF, op 0 flags 00 path /usr/share/locale/en_US.UTF-8/LC_MESSAGES/libc.mo
[Child 11394, Chrome_ChildThread] WARNING: pipe error (3): Connection reset by peer: file /build/firefox-sc3iFa/firefox-66.0.3+build1/ipc/chromium/src/chrome/common/ipc_channel_posix.cc, line 357
Sandbox: Unexpected EOF, op 0 flags 00 path /usr/share/locale/en_US.UTF-8/LC_MESSAGES/libc.mo
Exiting due to channel error.
[Child 11455, Chrome_ChildThread] WARNING: pipe error (3): Connection reset by peer: file /build/firefox-sc3iFa/firefox-66.0.3+build1/ipc/chromium/src/chrome/common/ipc_channel_posix.cc, line 357
Exiting due to channel error.
1579594205102	mozrunner::runner	INFO	Running command: "/usr/bin/firefox" "-marionette" "--ignore-certificate-errors" "-headless" "-foreground" "-no-remote" "-profile" "/tmp/rust_mozprofileqOIR5M"
*** You are running in headless mode.
1579594206106	addons.webextension.screenshots@mozilla.org	WARN	Loading extension 'screenshots@mozilla.org': Reading manifest: Invalid extension permission: mozillaAddons
1579594206107	addons.webextension.screenshots@mozilla.org	WARN	Loading extension 'screenshots@mozilla.org': Reading manifest: Invalid extension permission: resource://pdf.js/
1579594206107	addons.webextension.screenshots@mozilla.org	WARN	Loading extension 'screenshots@mozilla.org': Reading manifest: Invalid extension permission: about:reader*
1579594209649	Marionette	INFO	Listening on port 48702
1579594209749	Marionette	WARN	TLS certificate errors will be ignored for this session
console.error: BroadcastService: 
  receivedBroadcastMessage: handler for
  remote-settings/monitor_changes
  threw error:
  Message: Error: Polling for changes failed: NetworkError when attempting to fetch resource..
  Stack:
    remoteSettingsFunction/remoteSettings.pollChanges@resource://services-settings/remote-settings.js:190:13

1579594344172	Marionette	INFO	Stopped listening on port 48702
1579594345678	mozrunner::runner	INFO	Running command: "/usr/bin/firefox" "-marionette" "--ignore-certificate-errors" "-headless" "-foreground" "-no-remote" "-profile" "/tmp/rust_mozprofilehd8o0F"
*** You are running in headless mode.
1579594346418	addons.webextension.screenshots@mozilla.org	WARN	Loading extension 'screenshots@mozilla.org': Reading manifest: Invalid extension permission: mozillaAddons
1579594346419	addons.webextension.screenshots@mozilla.org	WARN	Loading extension 'screenshots@mozilla.org': Reading manifest: Invalid extension permission: resource://pdf.js/
1579594346420	addons.webextension.screenshots@mozilla.org	WARN	Loading extension 'screenshots@mozilla.org': Reading manifest: Invalid extension permission: about:reader*
1579594349065	Marionette	INFO	Listening on port 42176
1579594349106	Marionette	WARN	TLS certificate errors will be ignored for this session
console.error: BroadcastService: 
  receivedBroadcastMessage: handler for
  remote-settings/monitor_changes
  threw error:
  Message: Error: Polling for changes failed: NetworkError when attempting to fetch resource..
  Stack:
    remoteSettingsFunction/remoteSettings.pollChanges@resource://services-settings/remote-settings.js:190:13

1579594484670	Marionette	INFO	Stopped listening on port 42176
1579594486219	mozrunner::runner	INFO	Running command: "/usr/bin/firefox" "-marionette" "--ignore-certificate-errors" "-headless" "-foreground" "-no-remote" "-profile" "/tmp/rust_mozprofilekMG2oE"
*** You are running in headless mode.
1579594486998	addons.webextension.screenshots@mozilla.org	WARN	Loading extension 'screenshots@mozilla.org': Reading manifest: Invalid extension permission: mozillaAddons
1579594486999	addons.webextension.screenshots@mozilla.org	WARN	Loading extension 'screenshots@mozilla.org': Reading manifest: Invalid extension permission: resource://pdf.js/
1579594486999	addons.webextension.screenshots@mozilla.org	WARN	Loading extension 'screenshots@mozilla.org': Reading manifest: Invalid extension permission: about:reader*
1579594489523	Marionette	INFO	Listening on port 51927
1579594489590	Marionette	WARN	TLS certificate errors will be ignored for this session
console.error: BroadcastService: 
  receivedBroadcastMessage: handler for
  remote-settings/monitor_changes
  threw error:
  Message: Error: Polling for changes failed: NetworkError when attempting to fetch resource..
  Stack:
    remoteSettingsFunction/remoteSettings.pollChanges@resource://services-settings/remote-settings.js:190:13

1579594553336	Marionette	INFO	Stopped listening on port 51927
JavaScript error: https://exchangeadministrado.com/owa/14.3.439.0/scripts/premium/uglobal.js, line 1: NS_ERROR_NOT_INITIALIZED: 

###!!! [Child][RunMessage] Error: Channel closing: too late to send/recv, messages will be lost

1579594555212	mozrunner::runner	INFO	Running command: "/usr/bin/firefox" "-marionette" "--ignore-certificate-errors" "-headless" "-foreground" "-no-remote" "-profile" "/tmp/rust_mozprofilewYpCv4"
*** You are running in headless mode.
1579594555901	addons.webextension.screenshots@mozilla.org	WARN	Loading extension 'screenshots@mozilla.org': Reading manifest: Invalid extension permission: mozillaAddons
1579594555902	addons.webextension.screenshots@mozilla.org	WARN	Loading extension 'screenshots@mozilla.org': Reading manifest: Invalid extension permission: resource://pdf.js/
1579594555902	addons.webextension.screenshots@mozilla.org	WARN	Loading extension 'screenshots@mozilla.org': Reading manifest: Invalid extension permission: about:reader*
1579594558417	Marionette	INFO	Listening on port 34561
1579594558472	Marionette	WARN	TLS certificate errors will be ignored for this session
console.error: BroadcastService: 
  receivedBroadcastMessage: handler for
  remote-settings/monitor_changes
  threw error:
  Message: Error: Polling for changes failed: NetworkError when attempting to fetch resource..
  Stack:
    remoteSettingsFunction/remoteSettings.pollChanges@resource://services-settings/remote-settings.js:190:13

1579594691144	Marionette	INFO	Stopped listening on port 34561
[Parent 12014, Gecko_IOThread] WARNING: pipe error (124): Connection reset by peer: file /build/firefox-sc3iFa/firefox-66.0.3+build1/ipc/chromium/src/chrome/common/ipc_channel_posix.cc, line 357
1579621240030	mozrunner::runner	INFO	Running command: "/usr/bin/firefox" "-marionette" "--ignore-certificate-errors" "-headless" "-foreground" "-no-remote" "-profile" "/tmp/rust_mozprofileCvnJiI"
*** You are running in headless mode.
1579621241849	addons.webextension.screenshots@mozilla.org	WARN	Loading extension 'screenshots@mozilla.org': Reading manifest: Invalid extension permission: mozillaAddons
1579621241850	addons.webextension.screenshots@mozilla.org	WARN	Loading extension 'screenshots@mozilla.org': Reading manifest: Invalid extension permission: resource://pdf.js/
1579621241850	addons.webextension.screenshots@mozilla.org	WARN	Loading extension 'screenshots@mozilla.org': Reading manifest: Invalid extension permission: about:reader*
1579621245112	Marionette	INFO	Listening on port 39273
1579621245184	Marionette	WARN	TLS certificate errors will be ignored for this session
console.error: BroadcastService: 
  receivedBroadcastMessage: handler for
  remote-settings/monitor_changes
  threw error:
  Message: Error: Polling for changes failed: NetworkError when attempting to fetch resource..
  Stack:
    remoteSettingsFunction/remoteSettings.pollChanges@resource://services-settings/remote-settings.js:190:13

1579621381201	Marionette	INFO	Stopped listening on port 39273
1579621383018	mozrunner::runner	INFO	Running command: "/usr/bin/firefox" "-marionette" "--ignore-certificate-errors" "-headless" "-foreground" "-no-remote" "-profile" "/tmp/rust_mozprofileHuCMbC"
*** You are running in headless mode.
1579621384257	addons.webextension.screenshots@mozilla.org	WARN	Loading extension 'screenshots@mozilla.org': Reading manifest: Invalid extension permission: mozillaAddons
1579621384258	addons.webextension.screenshots@mozilla.org	WARN	Loading extension 'screenshots@mozilla.org': Reading manifest: Invalid extension permission: resource://pdf.js/
1579621384259	addons.webextension.screenshots@mozilla.org	WARN	Loading extension 'screenshots@mozilla.org': Reading manifest: Invalid extension permission: about:reader*
1579621388545	Marionette	INFO	Listening on port 59476
1579621388604	Marionette	WARN	TLS certificate errors will be ignored for this session
console.error: BroadcastService: 
  receivedBroadcastMessage: handler for
  remote-settings/monitor_changes
  threw error:
  Message: Error: Polling for changes failed: NetworkError when attempting to fetch resource..
  Stack:
    remoteSettingsFunction/remoteSettings.pollChanges@resource://services-settings/remote-settings.js:190:13

1579621526050	Marionette	INFO	Stopped listening on port 59476
1579621527783	mozrunner::runner	INFO	Running command: "/usr/bin/firefox" "-marionette" "--ignore-certificate-errors" "-headless" "-foreground" "-no-remote" "-profile" "/tmp/rust_mozprofile5eUc9R"
*** You are running in headless mode.
1579621528690	addons.webextension.screenshots@mozilla.org	WARN	Loading extension 'screenshots@mozilla.org': Reading manifest: Invalid extension permission: mozillaAddons
1579621528691	addons.webextension.screenshots@mozilla.org	WARN	Loading extension 'screenshots@mozilla.org': Reading manifest: Invalid extension permission: resource://pdf.js/
1579621528691	addons.webextension.screenshots@mozilla.org	WARN	Loading extension 'screenshots@mozilla.org': Reading manifest: Invalid extension permission: about:reader*
1579621533074	Marionette	INFO	Listening on port 36667
1579621533173	Marionette	WARN	TLS certificate errors will be ignored for this session
console.error: BroadcastService: 
  receivedBroadcastMessage: handler for
  remote-settings/monitor_changes
  threw error:
  Message: Error: Polling for changes failed: NetworkError when attempting to fetch resource..
  Stack:
    remoteSettingsFunction/remoteSettings.pollChanges@resource://services-settings/remote-settings.js:190:13

1579621669904	Marionette	INFO	Stopped listening on port 36667
1579621671543	mozrunner::runner	INFO	Running command: "/usr/bin/firefox" "-marionette" "--ignore-certificate-errors" "-headless" "-foreground" "-no-remote" "-profile" "/tmp/rust_mozprofilelUpjBL"
*** You are running in headless mode.
1579621672528	addons.webextension.screenshots@mozilla.org	WARN	Loading extension 'screenshots@mozilla.org': Reading manifest: Invalid extension permission: mozillaAddons
1579621672529	addons.webextension.screenshots@mozilla.org	WARN	Loading extension 'screenshots@mozilla.org': Reading manifest: Invalid extension permission: resource://pdf.js/
1579621672530	addons.webextension.screenshots@mozilla.org	WARN	Loading extension 'screenshots@mozilla.org': Reading manifest: Invalid extension permission: about:reader*
1579621676393	Marionette	INFO	Listening on port 42316
1579621676507	Marionette	WARN	TLS certificate errors will be ignored for this session
console.error: BroadcastService: 
  receivedBroadcastMessage: handler for
  remote-settings/monitor_changes
  threw error:
  Message: Error: Polling for changes failed: NetworkError when attempting to fetch resource..
  Stack:
    remoteSettingsFunction/remoteSettings.pollChanges@resource://services-settings/remote-settings.js:190:13

